<?xml version="1.0" encoding="UTF-8"?>
<!-- Generated by org.testng.reporters.JUnitXMLReporter -->
<testsuite ignored="0" hostname="MacBook-Pro" failures="0" tests="0" name="Surefire test" time="0.263" errors="0" timestamp="2023-02-26T00:30:33 EST">
  <testcase classname="io.cucumber.testng.AbstractTestNGCucumberTests" name="@BeforeClass setUpClass" time="0.238">
    <failure type="io.cucumber.core.gherkin.FeatureParserException" message="Failed to parse resource at: file:///Users/kamrunnessa/Documents/GitStuff/LIPI1/src/test/java/features/login.feature
(1:1): expected: #EOF, #Language, #TagLine, #FeatureLine, #Comment, #Empty, got &amp;apos;Scenario: User should able to login with valid email and valid password&amp;apos;
(2:5): expected: #EOF, #Language, #TagLine, #FeatureLine, #Comment, #Empty, got &amp;apos;Given User should be on TalentTEK homepage&amp;apos;
(3:5): expected: #EOF, #Language, #TagLine, #FeatureLine, #Comment, #Empty, got &amp;apos;And User enter valid email address&amp;apos;
(4:5): expected: #EOF, #Language, #TagLine, #FeatureLine, #Comment, #Empty, got &amp;apos;And User enter valid password&amp;apos;
(5:5): expected: #EOF, #Language, #TagLine, #FeatureLine, #Comment, #Empty, got &amp;apos;When User clicks on Log In button&amp;apos;
(6:5): expected: #EOF, #Language, #TagLine, #FeatureLine, #Comment, #Empty, got &amp;apos;Then User should be able to successfully login&amp;apos;
(8:1): expected: #EOF, #Language, #TagLine, #FeatureLine, #Comment, #Empty, got &amp;apos;Scenario: User should not able to login with valid email and invalid password&amp;apos;
(9:5): expected: #EOF, #Language, #TagLine, #FeatureLine, #Comment, #Empty, got &amp;apos;Given User should be on TalentTEK homepage&amp;apos;
(10:5): expected: #EOF, #Language, #TagLine, #FeatureLine, #Comment, #Empty, got &amp;apos;And  User enter valid email address&amp;apos;
(11:5): expected: #EOF, #Language, #TagLine, #FeatureLine, #Comment, #Empty, got &amp;apos;And  User enter invalid password&amp;apos;
(12:5): expected: #EOF, #Language, #TagLine, #FeatureLine, #Comment, #Empty, got &amp;apos;When User clicks on Log In button&amp;apos;">
      <![CDATA[io.cucumber.core.gherkin.FeatureParserException: Failed to parse resource at: file:///Users/kamrunnessa/Documents/GitStuff/LIPI1/src/test/java/features/login.feature
(1:1): expected: #EOF, #Language, #TagLine, #FeatureLine, #Comment, #Empty, got 'Scenario: User should able to login with valid email and valid password'
(2:5): expected: #EOF, #Language, #TagLine, #FeatureLine, #Comment, #Empty, got 'Given User should be on TalentTEK homepage'
(3:5): expected: #EOF, #Language, #TagLine, #FeatureLine, #Comment, #Empty, got 'And User enter valid email address'
(4:5): expected: #EOF, #Language, #TagLine, #FeatureLine, #Comment, #Empty, got 'And User enter valid password'
(5:5): expected: #EOF, #Language, #TagLine, #FeatureLine, #Comment, #Empty, got 'When User clicks on Log In button'
(6:5): expected: #EOF, #Language, #TagLine, #FeatureLine, #Comment, #Empty, got 'Then User should be able to successfully login'
(8:1): expected: #EOF, #Language, #TagLine, #FeatureLine, #Comment, #Empty, got 'Scenario: User should not able to login with valid email and invalid password'
(9:5): expected: #EOF, #Language, #TagLine, #FeatureLine, #Comment, #Empty, got 'Given User should be on TalentTEK homepage'
(10:5): expected: #EOF, #Language, #TagLine, #FeatureLine, #Comment, #Empty, got 'And  User enter valid email address'
(11:5): expected: #EOF, #Language, #TagLine, #FeatureLine, #Comment, #Empty, got 'And  User enter invalid password'
(12:5): expected: #EOF, #Language, #TagLine, #FeatureLine, #Comment, #Empty, got 'When User clicks on Log In button'
at io.cucumber.core.gherkin.messages.GherkinMessagesFeatureParser.parse(GherkinMessagesFeatureParser.java:52)
at io.cucumber.core.feature.FeatureParser.parseResource(FeatureParser.java:47)
at java.base/java.util.function.BiFunction.lambda$andThen$0(BiFunction.java:70)
at io.cucumber.core.resource.ResourceScanner.lambda$processResource$1(ResourceScanner.java:79)
at io.cucumber.core.resource.PathScanner$ResourceFileVisitor.visitFile(PathScanner.java:75)
at io.cucumber.core.resource.PathScanner$ResourceFileVisitor.visitFile(PathScanner.java:60)
at java.base/java.nio.file.Files.walkFileTree(Files.java:2810)
at io.cucumber.core.resource.PathScanner.findResourcesForPath(PathScanner.java:53)
at io.cucumber.core.resource.PathScanner.findResourcesForUri(PathScanner.java:31)
at io.cucumber.core.resource.ResourceScanner.findResourcesForUri(ResourceScanner.java:61)
at io.cucumber.core.resource.ResourceScanner.scanForResourcesUri(ResourceScanner.java:134)
at io.cucumber.core.runtime.FeaturePathFeatureSupplier.loadFeatures(FeaturePathFeatureSupplier.java:62)
at io.cucumber.core.runtime.FeaturePathFeatureSupplier.get(FeaturePathFeatureSupplier.java:45)
at io.cucumber.testng.TestNGCucumberRunner.<init>(TestNGCucumberRunner.java:108)
at io.cucumber.testng.AbstractTestNGCucumberTests.setUpClass(AbstractTestNGCucumberTests.java:23)
at java.base/java.util.concurrent.ThreadPoolExecutor.runWorker(ThreadPoolExecutor.java:1144)
at java.base/java.util.concurrent.ThreadPoolExecutor$Worker.run(ThreadPoolExecutor.java:642)
at java.base/java.lang.Thread.run(Thread.java:1589)
... Removed 8 stack frames]]>
    </failure>
  </testcase> <!-- @BeforeClass setUpClass -->
</testsuite> <!-- Surefire test -->
